<?xml version="1.0" encoding="UTF-8"?>
<testsuite xmlns:xsi="http://www.w3.org/2001/XMLSchema-instance" xsi:noNamespaceSchemaLocation="https://maven.apache.org/surefire/maven-surefire-plugin/xsd/surefire-test-report.xsd" name="org.apache.skywalking.apm.plugin.tomcat78x.TomcatInvokeInterceptorTest" time="6.125" tests="4" errors="0" skipped="0" failures="0">
  <properties>
[...]
</properties>
  <testcase name="testWithTomcatException" classname="org.apache.skywalking.apm.plugin.tomcat78x.TomcatInvokeInterceptorTest" time="4.822"/>
  <testcase name="testWithSerializedContextData" classname="org.apache.skywalking.apm.plugin.tomcat78x.TomcatInvokeInterceptorTest" time="0.023"/>
  <testcase name="testWithOccurException" classname="org.apache.skywalking.apm.plugin.tomcat78x.TomcatInvokeInterceptorTest" time="0.017"/>
  <testcase name="testWithoutSerializedContextData" classname="org.apache.skywalking.apm.plugin.tomcat78x.TomcatInvokeInterceptorTest" time="0.01"/>
</testsuite>